ISim log file
Running: /home/ise/CS_152A/lab 2/project/tb_isim_beh.exe -intstyle ise -gui -tclbatch isim.cmd -wdb /home/ise/CS_152A/lab 2/project/tb_isim_beh.wdb 
ISim P.20160913 (signature 0xfbc00daa)
WARNING: A WEBPACK license was found.
WARNING: Please use Xilinx License Configuration Manager to check out a full ISim license.
WARNING: ISim will run in Lite mode. Please refer to the ISim documentation for more information on the differences between the Lite and the Full version.
This is a Lite version of ISim.
Time resolution is 1 ps
# onerror resume
# wave add /
# run 1000 ns
Simulator is doing circuit initialization process.
Finished circuit initialization process.
         5 ... led output changed to        00000000
# run all
   1501000 ... Running instruction        00110000
   5243925 ... instruction        00110000 executed
   5243925 ... led output changed to        00000001
   6001000 ... Running instruction        00000000
   9176085 ... instruction        00000000 executed
   9176085 ... led output changed to        00000010
  10501000 ... Running instruction        11000000
  14418965 ... instruction        11000000 executed
  14418965 ... led output changed to        00000011
  14427495 UART0 Received byte 52 (R)
  14438515 UART0 Received byte 30 (0)
  14449535 UART0 Received byte 3a (:)
  14460555 UART0 Received byte 30 (0)
  14471575 UART0 Received byte 30 (0)
  14482595 UART0 Received byte 30 (0)
  14493615 UART0 Received byte 30 (0)
  14504635 UART0 Received byte 0a (
)
  14515655 UART0 Received byte 0d (
)
  15001000 ... Running instruction        00010001
  18351125 ... instruction        00010001 executed
  18351125 ... led output changed to        00000100
  19501000 ... Running instruction        11010000
  23594005 ... instruction        11010000 executed
  23594005 ... led output changed to        00000101
  23602535 UART0 Received byte 52 (R)
  23613555 UART0 Received byte 31 (1)
  23624575 UART0 Received byte 3a (:)
  23635595 UART0 Received byte 30 (0)
  23646615 UART0 Received byte 30 (0)
  23657635 UART0 Received byte 30 (0)
  23668655 UART0 Received byte 31 (1)
  23679675 UART0 Received byte 0a (
)
  23690695 UART0 Received byte 0d (
)
  24001000 ... Running instruction        01000110
  27526165 ... instruction        01000110 executed
  27526165 ... led output changed to        00000110
  28501000 ... Running instruction        11100000
  31458325 ... instruction        11100000 executed
  31458325 ... led output changed to        00000111
  31466855 UART0 Received byte 52 (R)
  31477875 UART0 Received byte 32 (2)
  31488895 UART0 Received byte 3a (:)
  31499915 UART0 Received byte 30 (0)
  31510935 UART0 Received byte 30 (0)
  31521955 UART0 Received byte 30 (0)
  31532975 UART0 Received byte 31 (1)
  31543995 UART0 Received byte 0a (
)
  31555015 UART0 Received byte 0d (
)
  33001000 ... Running instruction        01011100
  36701205 ... instruction        01011100 executed
  36701205 ... led output changed to        00001000
  37501000 ... Running instruction        01101101
  40633365 ... instruction        01101101 executed
  40633365 ... led output changed to        00001001
  42001000 ... Running instruction        01000110
  45876245 ... instruction        01000110 executed
  45876245 ... led output changed to        00001010
  46501000 ... Running instruction        11100000
  49808405 ... instruction        11100000 executed
  49808405 ... led output changed to        00001011
  49816935 UART0 Received byte 52 (R)
  49827955 UART0 Received byte 32 (2)
  49838975 UART0 Received byte 3a (:)
  49849995 UART0 Received byte 30 (0)
  49861015 UART0 Received byte 30 (0)
  49872035 UART0 Received byte 30 (0)
  49883055 UART0 Received byte 32 (2)
  49894075 UART0 Received byte 0a (
)
  49905095 UART0 Received byte 0d (
)
  51001000 ... Running instruction        01011100
  55051285 ... instruction        01011100 executed
  55051285 ... led output changed to        00001100
  55501000 ... Running instruction        01101101
  58983445 ... instruction        01101101 executed
  58983445 ... led output changed to        00001101
  60001000 ... Running instruction        01000110
  62915605 ... instruction        01000110 executed
  62915605 ... led output changed to        00001110
  64501000 ... Running instruction        11100000
  68158485 ... instruction        11100000 executed
  68158485 ... led output changed to        00001111
  68167015 UART0 Received byte 52 (R)
  68178035 UART0 Received byte 32 (2)
  68189055 UART0 Received byte 3a (:)
  68200075 UART0 Received byte 30 (0)
  68211095 UART0 Received byte 30 (0)
  68222115 UART0 Received byte 30 (0)
  68233135 UART0 Received byte 33 (3)
  68244155 UART0 Received byte 0a (
)
  68255175 UART0 Received byte 0d (
)
  69001000 ... Running instruction        01011100
  72090645 ... instruction        01011100 executed
  72090645 ... led output changed to        00010000
  73501000 ... Running instruction        01101101
  77333525 ... instruction        01101101 executed
  77333525 ... led output changed to        00010001
  78001000 ... Running instruction        01000110
  81265685 ... instruction        01000110 executed
  81265685 ... led output changed to        00010010
  82501000 ... Running instruction        11100000
  86508565 ... instruction        11100000 executed
  86508565 ... led output changed to        00010011
  86517095 UART0 Received byte 52 (R)
  86528115 UART0 Received byte 32 (2)
  86539135 UART0 Received byte 3a (:)
  86550155 UART0 Received byte 30 (0)
  86561175 UART0 Received byte 30 (0)
  86572195 UART0 Received byte 30 (0)
  86583215 UART0 Received byte 35 (5)
  86594235 UART0 Received byte 0a (
)
  86605255 UART0 Received byte 0d (
)
  87001000 ... Running instruction        01011100
  90440725 ... instruction        01011100 executed
  90440725 ... led output changed to        00010100
  91501000 ... Running instruction        01101101
  94372885 ... instruction        01101101 executed
  94372885 ... led output changed to        00010101
  96001000 ... Running instruction        01000110
  99615765 ... instruction        01000110 executed
  99615765 ... led output changed to        00010110
 100501000 ... Running instruction        11100000
 103547925 ... instruction        11100000 executed
 103547925 ... led output changed to        00010111
 103556455 UART0 Received byte 52 (R)
 103567475 UART0 Received byte 32 (2)
 103578495 UART0 Received byte 3a (:)
 103589515 UART0 Received byte 30 (0)
 103600535 UART0 Received byte 30 (0)
 103611555 UART0 Received byte 30 (0)
 103622575 UART0 Received byte 38 (8)
 103633595 UART0 Received byte 0a (
)
 103644615 UART0 Received byte 0d (
)
 105001000 ... Running instruction        01011100
 108790805 ... instruction        01011100 executed
 108790805 ... led output changed to        00011000
 109501000 ... Running instruction        01101101
 112722965 ... instruction        01101101 executed
 112722965 ... led output changed to        00011001
 114001000 ... Running instruction        01000110
 117965845 ... instruction        01000110 executed
 117965845 ... led output changed to        00011010
 118501000 ... Running instruction        11100000
 121898005 ... instruction        11100000 executed
 121898005 ... led output changed to        00011011
 121906535 UART0 Received byte 52 (R)
 121917555 UART0 Received byte 32 (2)
 121928575 UART0 Received byte 3a (:)
 121939595 UART0 Received byte 30 (0)
 121950615 UART0 Received byte 30 (0)
 121961635 UART0 Received byte 30 (0)
 121972655 UART0 Received byte 44 (D)
 121983675 UART0 Received byte 0a (
)
 121994695 UART0 Received byte 0d (
)
 123001000 ... Running instruction        01011100
 125830165 ... instruction        01011100 executed
 125830165 ... led output changed to        00011100
 127501000 ... Running instruction        01101101
 131073045 ... instruction        01101101 executed
 131073045 ... led output changed to        00011101
 132001000 ... Running instruction        01000110
 135005205 ... instruction        01000110 executed
 135005205 ... led output changed to        00011110
 136501000 ... Running instruction        11100000
 140248085 ... instruction        11100000 executed
 140248085 ... led output changed to        00011111
 140256615 UART0 Received byte 52 (R)
 140267635 UART0 Received byte 32 (2)
 140278655 UART0 Received byte 3a (:)
 140289675 UART0 Received byte 30 (0)
 140300695 UART0 Received byte 30 (0)
 140311715 UART0 Received byte 31 (1)
 140322735 UART0 Received byte 35 (5)
 140333755 UART0 Received byte 0a (
)
 140344775 UART0 Received byte 0d (
)
 141001000 ... Running instruction        01011100
 144180245 ... instruction        01011100 executed
 144180245 ... led output changed to        00100000
 145501000 ... Running instruction        01101101
 149423125 ... instruction        01101101 executed
 149423125 ... led output changed to        00100001
 150001000 ... Running instruction        01000110
 153355285 ... instruction        01000110 executed
 153355285 ... led output changed to        00100010
 154501000 ... Running instruction        11100000
 158598165 ... instruction        11100000 executed
 158598165 ... led output changed to        00100011
 158606695 UART0 Received byte 52 (R)
 158617715 UART0 Received byte 32 (2)
 158628735 UART0 Received byte 3a (:)
 158639755 UART0 Received byte 30 (0)
 158650775 UART0 Received byte 30 (0)
 158661795 UART0 Received byte 32 (2)
 158672815 UART0 Received byte 32 (2)
 158683835 UART0 Received byte 0a (
)
 158694855 UART0 Received byte 0d (
)
Stopped at time : 159002 us : File "/home/ise/CS_152A/lab 2/src/tb/tb.v" Line 69
