Command line:
   tb_isim_beh.exe
     -simmode  gui
     -simrunnum  1
     -socket  33977

Tue Feb 19 19:39:13 2019


 Elaboration Time: 0.03 sec

 Current Memory Usage: 196.424 Meg

 Total Signals          : 28
 Total Nets             : 54
 Total Signal Drivers   : 18
 Total Blocks           : 7
 Total Primitive Blocks : 6
 Total Processes        : 29
 Total Traceable Variables  : 48
 Total Scalar Nets and Variables : 312
Total Line Count : 244

 Total Simulation Time: 47.16 sec

 Current Memory Usage: 274.022 Meg

Tue Feb 19 19:43:27 2019

